<?xml version="1.0" encoding="UTF-8"?>
<!-- Generated by org.testng.reporters.JUnitReportReporter -->
<testsuite hostname="DESKTOP-KJD0V6J" failures="0" tests="7" name="com.sgtesting.actiTime.Scenario33" time="34.717" errors="0" timestamp="2022-04-24T06:03:49 GMT-07:00" skipped="0">
  <testcase classname="com.sgtesting.actiTime.Scenario33" name="Navigate" time="3.002"/>
  <system-out/>
  <testcase classname="com.sgtesting.actiTime.Scenario33" name="Login" time="4.332"/>
  <system-out/>
  <testcase classname="com.sgtesting.actiTime.Scenario33" name="minimizeflyout" time="2.182"/>
  <system-out/>
  <testcase classname="com.sgtesting.actiTime.Scenario33" name="createcustomer" time="14.160"/>
  <system-out/>
  <testcase classname="com.sgtesting.actiTime.Scenario33" name="deletecustomer" time="8.502"/>
  <system-out/>
  <testcase classname="com.sgtesting.actiTime.Scenario33" name="logout" time="2.342"/>
  <system-out/>
  <testcase classname="com.sgtesting.actiTime.Scenario33" name="closeapp" time="0.197"/>
  <system-out/>
</testsuite> <!-- com.sgtesting.actiTime.Scenario33 -->
