<?xml version="1.0" encoding="UTF-8"?>
<!-- Generated by org.testng.reporters.JUnitReportReporter -->
<testsuite hostname="DESKTOP-KJD0V6J" failures="0" tests="7" name="com.sgtesting.actiTime.Sceanrio2" time="26.776" errors="0" timestamp="2022-04-23T05:01:39 GMT-07:00" skipped="0">
  <testcase classname="com.sgtesting.actiTime.Sceanrio2" name="Navigate" time="3.183"/>
  <system-out/>
  <testcase classname="com.sgtesting.actiTime.Sceanrio2" name="Login" time="4.319"/>
  <system-out/>
  <testcase classname="com.sgtesting.actiTime.Sceanrio2" name="minimizeflyout" time="2.253"/>
  <system-out/>
  <testcase classname="com.sgtesting.actiTime.Sceanrio2" name="createuser" time="8.178"/>
  <system-out/>
  <testcase classname="com.sgtesting.actiTime.Sceanrio2" name="deleteuser" time="5.361"/>
  <system-out/>
  <testcase classname="com.sgtesting.actiTime.Sceanrio2" name="logout" time="3.189"/>
  <system-out/>
  <testcase classname="com.sgtesting.actiTime.Sceanrio2" name="closeapp" time="0.293"/>
  <system-out/>
</testsuite> <!-- com.sgtesting.actiTime.Sceanrio2 -->
