<?xml version="1.0" encoding="UTF-8"?>
<!-- Generated by org.testng.reporters.JUnitReportReporter -->
<testsuite hostname="DESKTOP-KJD0V6J" failures="0" tests="8" name="com.sgtesting.actiTime.Scenario1" time="24.980" errors="0" timestamp="2022-04-23T19:37:35 GMT-07:00" skipped="0">
  <testcase classname="com.sgtesting.actiTime.Scenario1" name="Navigate" time="4.060"/>
  <system-out/>
  <testcase classname="com.sgtesting.actiTime.Scenario1" name="Login" time="4.544"/>
  <system-out/>
  <testcase classname="com.sgtesting.actiTime.Scenario1" name="minimizeflyout" time="2.354"/>
  <system-out/>
  <testcase classname="com.sgtesting.actiTime.Scenario1" name="createuser" time="8.094"/>
  <system-out/>
  <testcase classname="com.sgtesting.actiTime.Scenario1" name="modifyuser" time="0.101"/>
  <system-out/>
  <testcase classname="com.sgtesting.actiTime.Scenario1" name="deleteuser" time="5.392"/>
  <system-out/>
  <testcase classname="com.sgtesting.actiTime.Scenario1" name="logout" time="0.178"/>
  <system-out/>
  <testcase classname="com.sgtesting.actiTime.Scenario1" name="closeApplication" time="0.257"/>
  <system-out/>
</testsuite> <!-- com.sgtesting.actiTime.Scenario1 -->
