<?xml version="1.0" encoding="UTF-8"?>
<!-- Generated by org.testng.reporters.JUnitReportReporter -->
<testsuite hostname="DESKTOP-KJD0V6J" failures="0" tests="7" name="com.sgtesting.actiTime.Scenario22" time="25.775" errors="0" timestamp="2022-04-24T06:03:49 GMT-07:00" skipped="0">
  <testcase classname="com.sgtesting.actiTime.Scenario22" name="Navigate" time="2.988"/>
  <system-out/>
  <testcase classname="com.sgtesting.actiTime.Scenario22" name="Login" time="4.314"/>
  <system-out/>
  <testcase classname="com.sgtesting.actiTime.Scenario22" name="minimizeflyout" time="2.274"/>
  <system-out/>
  <testcase classname="com.sgtesting.actiTime.Scenario22" name="createuser" time="7.898"/>
  <system-out/>
  <testcase classname="com.sgtesting.actiTime.Scenario22" name="deleteuser" time="5.343"/>
  <system-out/>
  <testcase classname="com.sgtesting.actiTime.Scenario22" name="logout" time="2.744"/>
  <system-out/>
  <testcase classname="com.sgtesting.actiTime.Scenario22" name="closeapp" time="0.214"/>
  <system-out/>
</testsuite> <!-- com.sgtesting.actiTime.Scenario22 -->
