<?xml version="1.0" encoding="UTF-8"?>
<!-- Generated by org.testng.reporters.JUnitReportReporter -->
<testsuite hostname="DESKTOP-KJD0V6J" failures="0" tests="10" name="com.sgtesting.actiTime.Scenario66" time="63.598" errors="0" timestamp="2022-04-24T06:03:49 GMT-07:00" skipped="0">
  <testcase classname="com.sgtesting.actiTime.Scenario66" name="Navigate" time="3.009"/>
  <system-out/>
  <testcase classname="com.sgtesting.actiTime.Scenario66" name="Login" time="4.318"/>
  <system-out/>
  <testcase classname="com.sgtesting.actiTime.Scenario66" name="minimizeflyout" time="2.216"/>
  <system-out/>
  <testcase classname="com.sgtesting.actiTime.Scenario66" name="createcustomer" time="14.211"/>
  <system-out/>
  <testcase classname="com.sgtesting.actiTime.Scenario66" name="createproject" time="10.966"/>
  <system-out/>
  <testcase classname="com.sgtesting.actiTime.Scenario66" name="modifyproject" time="5.371"/>
  <system-out/>
  <testcase classname="com.sgtesting.actiTime.Scenario66" name="DeleteProject" time="12.436"/>
  <system-out/>
  <testcase classname="com.sgtesting.actiTime.Scenario66" name="deletecustomer" time="8.499"/>
  <system-out/>
  <testcase classname="com.sgtesting.actiTime.Scenario66" name="logout" time="2.402"/>
  <system-out/>
  <testcase classname="com.sgtesting.actiTime.Scenario66" name="closeapp" time="0.170"/>
  <system-out/>
</testsuite> <!-- com.sgtesting.actiTime.Scenario66 -->
