<?xml version="1.0" encoding="UTF-8"?>
<!-- Generated by org.testng.reporters.JUnitReportReporter -->
<testsuite hostname="DESKTOP-KJD0V6J" failures="0" tests="11" name="com.sgtesting.actiTime.Scenario77" time="78.005" errors="0" timestamp="2022-04-24T06:03:49 GMT-07:00" skipped="0">
  <testcase classname="com.sgtesting.actiTime.Scenario77" name="Navigate" time="3.121"/>
  <system-out/>
  <testcase classname="com.sgtesting.actiTime.Scenario77" name="Login" time="4.403"/>
  <system-out/>
  <testcase classname="com.sgtesting.actiTime.Scenario77" name="minimizeflyout" time="2.204"/>
  <system-out/>
  <testcase classname="com.sgtesting.actiTime.Scenario77" name="createcustomer" time="16.116"/>
  <system-out/>
  <testcase classname="com.sgtesting.actiTime.Scenario77" name="createproject" time="10.995"/>
  <system-out/>
  <testcase classname="com.sgtesting.actiTime.Scenario77" name="createtask" time="8.674"/>
  <system-out/>
  <testcase classname="com.sgtesting.actiTime.Scenario77" name="deletetask" time="8.515"/>
  <system-out/>
  <testcase classname="com.sgtesting.actiTime.Scenario77" name="DeleteProject" time="12.498"/>
  <system-out/>
  <testcase classname="com.sgtesting.actiTime.Scenario77" name="deletecustomer" time="8.454"/>
  <system-out/>
  <testcase classname="com.sgtesting.actiTime.Scenario77" name="logout" time="2.829"/>
  <system-out/>
  <testcase classname="com.sgtesting.actiTime.Scenario77" name="closeapp" time="0.196"/>
  <system-out/>
</testsuite> <!-- com.sgtesting.actiTime.Scenario77 -->
