<?xml version="1.0" encoding="UTF-8"?>
<!-- Generated by org.testng.reporters.JUnitReportReporter -->
<testsuite hostname="DESKTOP-KJD0V6J" failures="0" tests="7" name="com.sgtesting.actiTime.Sceanrio3" time="35.509" errors="0" timestamp="2022-04-23T08:46:09 GMT-07:00" skipped="0">
  <testcase classname="com.sgtesting.actiTime.Sceanrio3" name="Navigate" time="3.041"/>
  <system-out/>
  <testcase classname="com.sgtesting.actiTime.Sceanrio3" name="Login" time="4.860"/>
  <system-out/>
  <testcase classname="com.sgtesting.actiTime.Sceanrio3" name="minimizeflyout" time="2.272"/>
  <system-out/>
  <testcase classname="com.sgtesting.actiTime.Sceanrio3" name="createcustomer" time="14.276"/>
  <system-out/>
  <testcase classname="com.sgtesting.actiTime.Sceanrio3" name="deletecustomer" time="8.455"/>
  <system-out/>
  <testcase classname="com.sgtesting.actiTime.Sceanrio3" name="logout" time="2.356"/>
  <system-out/>
  <testcase classname="com.sgtesting.actiTime.Sceanrio3" name="closeapp" time="0.249"/>
  <system-out/>
</testsuite> <!-- com.sgtesting.actiTime.Sceanrio3 -->
