<?xml version="1.0" encoding="UTF-8"?>
<!-- Generated by org.testng.reporters.JUnitReportReporter -->
<testsuite hostname="DESKTOP-KJD0V6J" failures="0" tests="8" name="com.sgtesting.actiTime.Sceanrio4" time="37.933" errors="0" timestamp="2022-04-23T09:04:30 GMT-07:00" skipped="0">
  <testcase classname="com.sgtesting.actiTime.Sceanrio4" name="Navigate" time="3.419"/>
  <system-out/>
  <testcase classname="com.sgtesting.actiTime.Sceanrio4" name="Login" time="4.330"/>
  <system-out/>
  <testcase classname="com.sgtesting.actiTime.Sceanrio4" name="minimizeflyout" time="2.204"/>
  <system-out/>
  <testcase classname="com.sgtesting.actiTime.Sceanrio4" name="createcustomer" time="14.628"/>
  <system-out/>
  <testcase classname="com.sgtesting.actiTime.Sceanrio4" name="modifycustomer" time="4.395"/>
  <system-out/>
  <testcase classname="com.sgtesting.actiTime.Sceanrio4" name="deletecustomer" time="8.432"/>
  <system-out/>
  <testcase classname="com.sgtesting.actiTime.Sceanrio4" name="logout" time="0.321"/>
  <system-out/>
  <testcase classname="com.sgtesting.actiTime.Sceanrio4" name="closeapp" time="0.204"/>
  <system-out/>
</testsuite> <!-- com.sgtesting.actiTime.Sceanrio4 -->
