<?xml version="1.0" encoding="UTF-8"?>
<!-- Generated by org.testng.reporters.JUnitReportReporter -->
<testsuite hostname="DESKTOP-KJD0V6J" failures="0" tests="8" name="com.sgtesting.actiTime.Scenario44" time="36.931" errors="0" timestamp="2022-04-24T06:03:49 GMT-07:00" skipped="0">
  <testcase classname="com.sgtesting.actiTime.Scenario44" name="Navigate" time="3.021"/>
  <system-out/>
  <testcase classname="com.sgtesting.actiTime.Scenario44" name="Login" time="4.295"/>
  <system-out/>
  <testcase classname="com.sgtesting.actiTime.Scenario44" name="minimizeflyout" time="2.181"/>
  <system-out/>
  <testcase classname="com.sgtesting.actiTime.Scenario44" name="createcustomer" time="14.141"/>
  <system-out/>
  <testcase classname="com.sgtesting.actiTime.Scenario44" name="modifycustomer" time="4.426"/>
  <system-out/>
  <testcase classname="com.sgtesting.actiTime.Scenario44" name="deletecustomer" time="8.458"/>
  <system-out/>
  <testcase classname="com.sgtesting.actiTime.Scenario44" name="logout" time="0.221"/>
  <system-out/>
  <testcase classname="com.sgtesting.actiTime.Scenario44" name="closeapp" time="0.188"/>
  <system-out/>
</testsuite> <!-- com.sgtesting.actiTime.Scenario44 -->
