<?xml version="1.0" encoding="UTF-8"?>
<!-- Generated by org.testng.reporters.JUnitReportReporter -->
<testsuite hostname="DESKTOP-KJD0V6J" failures="0" tests="9" name="com.sgtesting.actiTime.Scenario55" time="58.591" errors="0" timestamp="2022-04-24T06:03:49 GMT-07:00" skipped="0">
  <testcase classname="com.sgtesting.actiTime.Scenario55" name="Navigate" time="2.980"/>
  <system-out/>
  <testcase classname="com.sgtesting.actiTime.Scenario55" name="Login" time="4.275"/>
  <system-out/>
  <testcase classname="com.sgtesting.actiTime.Scenario55" name="minimizeflyout" time="2.175"/>
  <system-out/>
  <testcase classname="com.sgtesting.actiTime.Scenario55" name="createcustomer" time="14.379"/>
  <system-out/>
  <testcase classname="com.sgtesting.actiTime.Scenario55" name="createproject" time="10.913"/>
  <system-out/>
  <testcase classname="com.sgtesting.actiTime.Scenario55" name="DeleteProject" time="12.450"/>
  <system-out/>
  <testcase classname="com.sgtesting.actiTime.Scenario55" name="deletecustomer" time="8.452"/>
  <system-out/>
  <testcase classname="com.sgtesting.actiTime.Scenario55" name="logout" time="2.759"/>
  <system-out/>
  <testcase classname="com.sgtesting.actiTime.Scenario55" name="closeapp" time="0.208"/>
  <system-out/>
</testsuite> <!-- com.sgtesting.actiTime.Scenario55 -->
