<?xml version="1.0" encoding="UTF-8"?>
<!-- Generated by org.testng.reporters.JUnitReportReporter -->
<testsuite hostname="DESKTOP-KJD0V6J" failures="0" tests="11" name="com.sgtesting.actiTime.Scenario7" time="75.867" errors="0" timestamp="2022-04-23T07:28:51 GMT-07:00" skipped="0">
  <testcase classname="com.sgtesting.actiTime.Scenario7" name="Navigate" time="3.135"/>
  <system-out/>
  <testcase classname="com.sgtesting.actiTime.Scenario7" name="Login" time="4.350"/>
  <system-out/>
  <testcase classname="com.sgtesting.actiTime.Scenario7" name="minimizeflyout" time="2.246"/>
  <system-out/>
  <testcase classname="com.sgtesting.actiTime.Scenario7" name="createcustomer" time="14.341"/>
  <system-out/>
  <testcase classname="com.sgtesting.actiTime.Scenario7" name="createproject" time="11.003"/>
  <system-out/>
  <testcase classname="com.sgtesting.actiTime.Scenario7" name="createtask" time="8.647"/>
  <system-out/>
  <testcase classname="com.sgtesting.actiTime.Scenario7" name="deletetask" time="8.475"/>
  <system-out/>
  <testcase classname="com.sgtesting.actiTime.Scenario7" name="DeleteProject" time="12.485"/>
  <system-out/>
  <testcase classname="com.sgtesting.actiTime.Scenario7" name="deletecustomer" time="8.454"/>
  <system-out/>
  <testcase classname="com.sgtesting.actiTime.Scenario7" name="logout" time="2.525"/>
  <system-out/>
  <testcase classname="com.sgtesting.actiTime.Scenario7" name="closeapp" time="0.206"/>
  <system-out/>
</testsuite> <!-- com.sgtesting.actiTime.Scenario7 -->
