<?xml version="1.0" encoding="UTF-8"?>
<!-- Generated by org.testng.reporters.JUnitReportReporter -->
<testsuite hostname="DESKTOP-KJD0V6J" failures="0" tests="9" name="com.sgtesting.actiTime.Scenario5" time="58.657" errors="0" timestamp="2022-04-23T07:46:29 GMT-07:00" skipped="0">
  <testcase classname="com.sgtesting.actiTime.Scenario5" name="Navigate" time="3.132"/>
  <system-out/>
  <testcase classname="com.sgtesting.actiTime.Scenario5" name="Login" time="4.305"/>
  <system-out/>
  <testcase classname="com.sgtesting.actiTime.Scenario5" name="minimizeflyout" time="2.204"/>
  <system-out/>
  <testcase classname="com.sgtesting.actiTime.Scenario5" name="createcustomer" time="14.441"/>
  <system-out/>
  <testcase classname="com.sgtesting.actiTime.Scenario5" name="createproject" time="11.021"/>
  <system-out/>
  <testcase classname="com.sgtesting.actiTime.Scenario5" name="DeleteProject" time="12.476"/>
  <system-out/>
  <testcase classname="com.sgtesting.actiTime.Scenario5" name="deletecustomer" time="8.443"/>
  <system-out/>
  <testcase classname="com.sgtesting.actiTime.Scenario5" name="logout" time="2.416"/>
  <system-out/>
  <testcase classname="com.sgtesting.actiTime.Scenario5" name="closeapp" time="0.219"/>
  <system-out/>
</testsuite> <!-- com.sgtesting.actiTime.Scenario5 -->
