<?xml version="1.0" encoding="UTF-8"?>
<!-- Generated by org.testng.reporters.JUnitReportReporter -->
<testsuite hostname="DESKTOP-KJD0V6J" failures="0" tests="8" name="com.sgtesting.actiTime.Scenario11" time="23.434" errors="0" timestamp="2022-04-24T06:03:49 GMT-07:00" skipped="0">
  <testcase classname="com.sgtesting.actiTime.Scenario11" name="Navigate" time="3.188"/>
  <system-out/>
  <testcase classname="com.sgtesting.actiTime.Scenario11" name="Login" time="4.322"/>
  <system-out/>
  <testcase classname="com.sgtesting.actiTime.Scenario11" name="minimizeflyout" time="2.231"/>
  <system-out/>
  <testcase classname="com.sgtesting.actiTime.Scenario11" name="createuser" time="7.938"/>
  <system-out/>
  <testcase classname="com.sgtesting.actiTime.Scenario11" name="modifyuser" time="0.131"/>
  <system-out/>
  <testcase classname="com.sgtesting.actiTime.Scenario11" name="deleteuser" time="5.247"/>
  <system-out/>
  <testcase classname="com.sgtesting.actiTime.Scenario11" name="logout" time="0.085"/>
  <system-out/>
  <testcase classname="com.sgtesting.actiTime.Scenario11" name="closeApplication" time="0.292"/>
  <system-out/>
</testsuite> <!-- com.sgtesting.actiTime.Scenario11 -->
