<?xml version="1.0" encoding="UTF-8"?>
<!-- Generated by org.testng.reporters.JUnitReportReporter -->
<testsuite hostname="DESKTOP-KJD0V6J" failures="0" tests="10" name="com.sgtesting.actiTime.Sceanrio6" time="63.973" errors="0" timestamp="2022-04-23T08:40:58 GMT-07:00" skipped="0">
  <testcase classname="com.sgtesting.actiTime.Sceanrio6" name="Navigate" time="3.161"/>
  <system-out/>
  <testcase classname="com.sgtesting.actiTime.Sceanrio6" name="Login" time="4.381"/>
  <system-out/>
  <testcase classname="com.sgtesting.actiTime.Sceanrio6" name="minimizeflyout" time="2.173"/>
  <system-out/>
  <testcase classname="com.sgtesting.actiTime.Sceanrio6" name="createcustomer" time="14.241"/>
  <system-out/>
  <testcase classname="com.sgtesting.actiTime.Sceanrio6" name="createproject" time="11.006"/>
  <system-out/>
  <testcase classname="com.sgtesting.actiTime.Sceanrio6" name="modifyproject" time="5.379"/>
  <system-out/>
  <testcase classname="com.sgtesting.actiTime.Sceanrio6" name="DeleteProject" time="12.458"/>
  <system-out/>
  <testcase classname="com.sgtesting.actiTime.Sceanrio6" name="deletecustomer" time="8.475"/>
  <system-out/>
  <testcase classname="com.sgtesting.actiTime.Sceanrio6" name="logout" time="2.455"/>
  <system-out/>
  <testcase classname="com.sgtesting.actiTime.Sceanrio6" name="closeapp" time="0.244"/>
  <system-out/>
</testsuite> <!-- com.sgtesting.actiTime.Sceanrio6 -->
